<?xml version="1.0" encoding="UTF-8"?>
<!-- Generated by org.testng.reporters.JUnitReportReporter -->
<testsuite hostname="DESKTOP-31L9UMJ" failures="0" tests="2" name="Test.Task" time="75.577" errors="0" timestamp="2024-04-05T13:48:40 GMT-07:00" skipped="0">
  <testcase classname="Test.Task" name="userRegister" time="31.060"/>
  <testcase classname="Test.Task" name="hostCreation" time="44.517"/>
</testsuite> <!-- Test.Task -->
